<component name="libraryTable">
  <library name="junit-platform-console-standalone-1.10.2">
    <CLASSES>
      <root url="jar://$PROJECT_DIR$/../../../../libs/junit5/junit-platform-console-standalone-1.10.2.jar!/" />
    </CLASSES>
    <JAVADOC />
    <SOURCES />
  </library>
</component>